<?xml version="1.0" encoding="UTF-8"?>
<!-- Generated by org.testng.reporters.JUnitXMLReporter -->
<testsuite ignored="0" hostname="LAPTOP-FPO5TC2J" failures="1" tests="1" name="Test1" time="0.098" errors="0" timestamp="2023-03-15T20:59:28 IST">
  <testcase classname="CrossBrowserTesting.TestClass1" name="TC1" time="0.064">
    <failure type="java.lang.IllegalStateException" message="The driver executable must exist: C:\Users\a784748\OneDrive - Atos\Desktop\Driver\edgedriver_win64\edgedriver.exe">
      <![CDATA[java.lang.IllegalStateException: The driver executable must exist: C:\Users\a784748\OneDrive - Atos\Desktop\Driver\edgedriver_win64\edgedriver.exe
at org.openqa.selenium.internal.Require$FileStateChecker.isFile(Require.java:345)
at org.openqa.selenium.remote.service.DriverService.checkExecutable(DriverService.java:160)
at org.openqa.selenium.remote.service.DriverService.findExecutable(DriverService.java:155)
at org.openqa.selenium.edge.EdgeDriverService.access$000(EdgeDriverService.java:40)
at org.openqa.selenium.edge.EdgeDriverService$Builder.findDefaultExecutable(EdgeDriverService.java:190)
at org.openqa.selenium.remote.service.DriverService$Builder.build(DriverService.java:450)
at org.openqa.selenium.edge.EdgeDriver.<init>(EdgeDriver.java:46)
at org.openqa.selenium.edge.EdgeDriver.<init>(EdgeDriver.java:42)
at CrossBrowserTesting.TestClass1.TC1(TestClass1.java:26)
at java.base/java.util.ArrayList.forEach(ArrayList.java:1511)
... Removed 27 stack frames]]>
    </failure>
  </testcase> <!-- TC1 -->
</testsuite> <!-- Test1 -->
